<?xml version="1.0" encoding="UTF-8"?>
<testng-results ignored="0" total="1" passed="1" failed="0" skipped="0">
  <reporter-output>
  </reporter-output>
  <suite started-at="2022-12-17T17:06:28 IST" name="Default suite" finished-at="2022-12-17T17:06:28 IST" duration-ms="47">
    <groups>
    </groups>
    <test started-at="2022-12-17T17:06:28 IST" name="Default test" finished-at="2022-12-17T17:06:28 IST" duration-ms="47">
      <class name="createOrgnisation.CreateOrg">
        <test-method signature="TC_100createOrgWithMandatoryFields()[pri:0, instance:createOrgnisation.CreateOrg@6193932a]" started-at="2022-12-17T17:06:28 IST" name="TC_100createOrgWithMandatoryFields" finished-at="2022-12-17T17:06:28 IST" duration-ms="10" status="PASS">
          <reporter-output>
          </reporter-output>
        </test-method> <!-- TC_100createOrgWithMandatoryFields -->
      </class> <!-- createOrgnisation.CreateOrg -->
    </test> <!-- Default test -->
  </suite> <!-- Default suite -->
</testng-results>
